# JRE version: OpenJDK Runtime Environment (8.0_242-b01) (build 1.8.0_242-release-1644-b01)
# Java VM: OpenJDK 64-Bit Server VM (25.242-b01 mixed mode windows-amd64 compressed oops)
Heap:
 PSYoungGen      total 541696K, used 98305K [0x00000000d5580000, 0x0000000100000000, 0x0000000100000000)
  eden space 398336K, 3% used [0x00000000d5580000,0x00000000d6404df8,0x00000000eda80000)
  from space 143360K, 58% used [0x00000000eda80000,0x00000000f2bfb948,0x00000000f6680000)
  to   space 140288K, 0% used [0x00000000f7700000,0x00000000f7700000,0x0000000100000000)
 ParOldGen       total 522752K, used 298129K [0x0000000080000000, 0x000000009fe80000, 0x00000000d5580000)
  object space 522752K, 57% used [0x0000000080000000,0x0000000092324570,0x000000009fe80000)
 Metaspace       used 106483K, capacity 114440K, committed 117928K, reserved 1153024K
  class space    used 13488K, capacity 14810K, committed 15280K, reserved 1048576K
GC Heap History (10 events):
Event: 5060.928 GC heap before
{Heap before GC invocations=64 (full 5):
 PSYoungGen      total 482304K, used 481684K [0x00000000d5580000, 0x0000000100000000, 0x0000000100000000)
  eden space 376320K, 100% used [0x00000000d5580000,0x00000000ec500000,0x00000000ec500000)
  from space 105984K, 99% used [0x00000000f9880000,0x00000000fff65268,0x0000000100000000)
  to   space 161280K, 0% used [0x00000000ec500000,0x00000000ec500000,0x00000000f6280000)
 ParOldGen       total 522752K, used 298105K [0x0000000080000000, 0x000000009fe80000, 0x00000000d5580000)
  object space 522752K, 57% used [0x0000000080000000,0x000000009231e570,0x000000009fe80000)
 Metaspace       used 106012K, capacity 113848K, committed 117928K, reserved 1153024K
  class space    used 13446K, capacity 14766K, committed 15280K, reserved 1048576K
Event: 5061.142 GC heap after
Heap after GC invocations=64 (full 5):
 PSYoungGen      total 537600K, used 60656K [0x00000000d5580000, 0x0000000100000000, 0x0000000100000000)
  eden space 376320K, 0% used [0x00000000d5580000,0x00000000d5580000,0x00000000ec500000)
  from space 161280K, 37% used [0x00000000ec500000,0x00000000f003c030,0x00000000f6280000)
  to   space 155136K, 0% used [0x00000000f6880000,0x00000000f6880000,0x0000000100000000)
 ParOldGen       total 522752K, used 298113K [0x0000000080000000, 0x000000009fe80000, 0x00000000d5580000)
  object space 522752K, 57% used [0x0000000080000000,0x0000000092320570,0x000000009fe80000)
 Metaspace       used 106012K, capacity 113848K, committed 117928K, reserved 1153024K
  class space    used 13446K, capacity 14766K, committed 15280K, reserved 1048576K
}
Event: 6086.711 GC heap before
{Heap before GC invocations=65 (full 5):
 PSYoungGen      total 537600K, used 436976K [0x00000000d5580000, 0x0000000100000000, 0x0000000100000000)
  eden space 376320K, 100% used [0x00000000d5580000,0x00000000ec500000,0x00000000ec500000)
  from space 161280K, 37% used [0x00000000ec500000,0x00000000f003c030,0x00000000f6280000)
  to   space 155136K, 0% used [0x00000000f6880000,0x00000000f6880000,0x0000000100000000)
 ParOldGen       total 522752K, used 298113K [0x0000000080000000, 0x000000009fe80000, 0x00000000d5580000)
  object space 522752K, 57% used [0x0000000080000000,0x0000000092320570,0x000000009fe80000)
 Metaspace       used 106139K, capacity 114070K, committed 117928K, reserved 1153024K
  class space    used 13451K, capacity 14769K, committed 15280K, reserved 1048576K
Event: 6087.624 GC heap after
Heap after GC invocations=65 (full 5):
 PSYoungGen      total 525312K, used 86955K [0x00000000d5580000, 0x00000000ff400000, 0x0000000100000000)
  eden space 382464K, 0% used [0x00000000d5580000,0x00000000d5580000,0x00000000ecb00000)
  from space 142848K, 60% used [0x00000000f6880000,0x00000000fbd6ac10,0x00000000ff400000)
  to   space 152064K, 0% used [0x00000000ecb00000,0x00000000ecb00000,0x00000000f5f80000)
 ParOldGen       total 522752K, used 298121K [0x0000000080000000, 0x000000009fe80000, 0x00000000d5580000)
  object space 522752K, 57% used [0x0000000080000000,0x0000000092322570,0x000000009fe80000)
 Metaspace       used 106139K, capacity 114070K, committed 117928K, reserved 1153024K
  class space    used 13451K, capacity 14769K, committed 15280K, reserved 1048576K
}
Event: 6107.062 GC heap before
{Heap before GC invocations=66 (full 5):
 PSYoungGen      total 525312K, used 469419K [0x00000000d5580000, 0x00000000ff400000, 0x0000000100000000)
  eden space 382464K, 100% used [0x00000000d5580000,0x00000000ecb00000,0x00000000ecb00000)
  from space 142848K, 60% used [0x00000000f6880000,0x00000000fbd6ac10,0x00000000ff400000)
  to   space 152064K, 0% used [0x00000000ecb00000,0x00000000ecb00000,0x00000000f5f80000)
 ParOldGen       total 522752K, used 298121K [0x0000000080000000, 0x000000009fe80000, 0x00000000d5580000)
  object space 522752K, 57% used [0x0000000080000000,0x0000000092322570,0x000000009fe80000)
 Metaspace       used 106158K, capacity 114076K, committed 117928K, reserved 1153024K
  class space    used 13452K, capacity 14770K, committed 15280K, reserved 1048576K
Event: 6107.606 GC heap after
Heap after GC invocations=66 (full 5):
 PSYoungGen      total 534528K, used 51802K [0x00000000d5580000, 0x0000000100000000, 0x0000000100000000)
  eden space 382464K, 0% used [0x00000000d5580000,0x00000000d5580000,0x00000000ecb00000)
  from space 152064K, 34% used [0x00000000ecb00000,0x00000000efd96ba0,0x00000000f5f80000)
  to   space 148480K, 0% used [0x00000000f6f00000,0x00000000f6f00000,0x0000000100000000)
 ParOldGen       total 522752K, used 298121K [0x0000000080000000, 0x000000009fe80000, 0x00000000d5580000)
  object space 522752K, 57% used [0x0000000080000000,0x0000000092322570,0x000000009fe80000)
 Metaspace       used 106158K, capacity 114076K, committed 117928K, reserved 1153024K
  class space    used 13452K, capacity 14770K, committed 15280K, reserved 1048576K
}
Event: 6117.817 GC heap before
{Heap before GC invocations=67 (full 5):
 PSYoungGen      total 534528K, used 434266K [0x00000000d5580000, 0x0000000100000000, 0x0000000100000000)
  eden space 382464K, 100% used [0x00000000d5580000,0x00000000ecb00000,0x00000000ecb00000)
  from space 152064K, 34% used [0x00000000ecb00000,0x00000000efd96ba0,0x00000000f5f80000)
  to   space 148480K, 0% used [0x00000000f6f00000,0x00000000f6f00000,0x0000000100000000)
 ParOldGen       total 522752K, used 298121K [0x0000000080000000, 0x000000009fe80000, 0x00000000d5580000)
  object space 522752K, 57% used [0x0000000080000000,0x0000000092322570,0x000000009fe80000)
 Metaspace       used 106479K, capacity 114440K, committed 117928K, reserved 1153024K
  class space    used 13488K, capacity 14810K, committed 15280K, reserved 1048576K
Event: 6118.227 GC heap after
Heap after GC invocations=67 (full 5):
 PSYoungGen      total 532992K, used 60612K [0x00000000d5580000, 0x00000000ff280000, 0x0000000100000000)
  eden space 398336K, 0% used [0x00000000d5580000,0x00000000d5580000,0x00000000eda80000)
  from space 134656K, 45% used [0x00000000f6f00000,0x00000000faa311a8,0x00000000ff280000)
  to   space 143360K, 0% used [0x00000000eda80000,0x00000000eda80000,0x00000000f6680000)
 ParOldGen       total 522752K, used 298121K [0x0000000080000000, 0x000000009fe80000, 0x00000000d5580000)
  object space 522752K, 57% used [0x0000000080000000,0x0000000092322570,0x000000009fe80000)
 Metaspace       used 106479K, capacity 114440K, committed 117928K, reserved 1153024K
  class space    used 13488K, capacity 14810K, committed 15280K, reserved 1048576K
}
Event: 6122.364 GC heap before
{Heap before GC invocations=68 (full 5):
 PSYoungGen      total 532992K, used 458948K [0x00000000d5580000, 0x00000000ff280000, 0x0000000100000000)
  eden space 398336K, 100% used [0x00000000d5580000,0x00000000eda80000,0x00000000eda80000)
  from space 134656K, 45% used [0x00000000f6f00000,0x00000000faa311a8,0x00000000ff280000)
  to   space 143360K, 0% used [0x00000000eda80000,0x00000000eda80000,0x00000000f6680000)
 ParOldGen       total 522752K, used 298121K [0x0000000080000000, 0x000000009fe80000, 0x00000000d5580000)
  object space 522752K, 57% used [0x0000000080000000,0x0000000092322570,0x000000009fe80000)
 Metaspace       used 106482K, capacity 114440K, committed 117928K, reserved 1153024K
  class space    used 13488K, capacity 14810K, committed 15280K, reserved 1048576K
Event: 6122.802 GC heap after
Heap after GC invocations=68 (full 5):
 PSYoungGen      total 541696K, used 83438K [0x00000000d5580000, 0x0000000100000000, 0x0000000100000000)
  eden space 398336K, 0% used [0x00000000d5580000,0x00000000d5580000,0x00000000eda80000)
  from space 143360K, 58% used [0x00000000eda80000,0x00000000f2bfb948,0x00000000f6680000)
  to   space 140288K, 0% used [0x00000000f7700000,0x00000000f7700000,0x0000000100000000)
 ParOldGen       total 522752K, used 298129K [0x0000000080000000, 0x000000009fe80000, 0x00000000d5580000)
  object space 522752K, 57% used [0x0000000080000000,0x0000000092324570,0x000000009fe80000)
 Metaspace       used 106482K, capacity 114440K, committed 117928K, reserved 1153024K
  class space    used 13488K, capacity 14810K, committed 15280K, reserved 1048576K
}

